16:23:57.846 INFO [GridLauncherV3.launch] - Selenium build info: version: '3.12.0', revision: '7c6e0b3'
16:23:57.850 INFO [GridLauncherV3$1.launch] - Launching a standalone Selenium Server on port 4445
2018-06-11 16:23:58.040:INFO::main: Logging initialized @537ms to org.seleniumhq.jetty9.util.log.StdErrLog
16:23:58.223 INFO [SeleniumServer.boot] - Selenium Server is up and running on port 4445
16:23:58.565 INFO [ActiveSessionFactory.apply] - Capabilities are: Capabilities {acceptSslCerts: true, browserName: firefox, javascriptEnabled: true, marionette: true, name: Tracktest}
16:23:58.567 INFO [ActiveSessionFactory.lambda$apply$11] - Matched factory org.openqa.selenium.remote.server.ServicedSession$Factory (provider: org.openqa.selenium.firefox.GeckoDriverService)
1528755838615	geckodriver	INFO	geckodriver 0.20.1
1528755838624	geckodriver	INFO	Listening on 127.0.0.1:44243
1528755838907	mozrunner::runner	INFO	Running command: "/Applications/Firefox.app/Contents/MacOS/firefox-bin" "-marionette" "-profile" "/var/folders/nx/324qgd1s3w7f_wxw38n1jc700000gr/T/rust_mozprofile.9okYyI36y8kQ"
2018-06-11 16:24:00.186 plugin-container[24032:944560] *** CFMessagePort: bootstrap_register(): failed 1100 (0x44c) 'Permission denied', port = 0x8743, name = 'com.apple.tsm.portname'
See /usr/include/servers/bootstrap_defs.h for the error codes.
1528755840623	Marionette	INFO	Listening on port 54911
16:24:00.726 INFO [ProtocolHandshake.createSession] - Detected dialect: W3C
16:24:00.767 INFO [RemoteSession$Factory.lambda$performHandshake$0] - Started new session 5106addf-7aa4-8344-a57c-305f1a67bd74 (org.openqa.selenium.firefox.GeckoDriverService)
2018-06-11 16:24:01.316 plugin-container[24033:944641] *** CFMessagePort: bootstrap_register(): failed 1100 (0x44c) 'Permission denied', port = 0x8c37, name = 'com.apple.tsm.portname'
See /usr/include/servers/bootstrap_defs.h for the error codes.
JavaScript warning: https://tools.usps.com/go/pages/common/quicktools-api.jsp, line 49: unreachable code after return statement
JavaScript warning: https://tools.usps.com/go/pages/common/quicktools-api.jsp, line 49: unreachable code after return statement
JavaScript warning: https://tools.usps.com/go/pages/common/quicktools-api.jsp, line 49: unreachable code after return statement
JavaScript error: https://tools.usps.com/go/TrackConfirmAction_input, line 1: TypeError: FSecommerce is undefined
JavaScript warning: https://tools.usps.com/go/pages/common/quicktools-api.jsp, line 49: unreachable code after return statement
JavaScript warning: https://tools.usps.com/go/pages/common/quicktools-api.jsp, line 49: unreachable code after return statement
JavaScript warning: https://tools.usps.com/go/pages/common/quicktools-api.jsp, line 49: unreachable code after return statement
JavaScript warning: https://tools.usps.com/go/pages/common/quicktools-api.jsp, line 49: unreachable code after return statement
JavaScript warning: https://tools.usps.com/go/pages/common/quicktools-api.jsp, line 49: unreachable code after return statement
JavaScript warning: https://tools.usps.com/go/pages/common/quicktools-api.jsp, line 49: unreachable code after return statement
JavaScript warning: https://tools.usps.com/go/pages/common/quicktools-api.jsp, line 49: unreachable code after return statement
JavaScript warning: https://tools.usps.com/go/pages/common/quicktools-api.jsp, line 49: unreachable code after return statement
JavaScript warning: https://tools.usps.com/go/pages/common/quicktools-api.jsp, line 49: unreachable code after return statement
JavaScript error: https://tools.usps.com/go/TrackConfirmAction_input, line 1: TypeError: FSecommerce is undefined
*** UTM:SVC TimerManager:registerTimer called after profile-before-change notification. Ignoring timer registration for id: telemetry_modules_ping
16:24:13.727 INFO [ActiveSessions$1.onStop] - Removing session 5106addf-7aa4-8344-a57c-305f1a67bd74 (org.openqa.selenium.firefox.GeckoDriverService)
16:24:13.751 INFO [ActiveSessionFactory.apply] - Capabilities are: Capabilities {acceptSslCerts: true, browserName: firefox, javascriptEnabled: true, marionette: true, name: Sign In Test}
16:24:13.751 INFO [ActiveSessionFactory.lambda$apply$11] - Matched factory org.openqa.selenium.remote.server.ServicedSession$Factory (provider: org.openqa.selenium.firefox.GeckoDriverService)
1528755853772	geckodriver	INFO	geckodriver 0.20.1
1528755853779	geckodriver	INFO	Listening on 127.0.0.1:13629
1528755853798	mozrunner::runner	INFO	Running command: "/Applications/Firefox.app/Contents/MacOS/firefox-bin" "-marionette" "-profile" "/var/folders/nx/324qgd1s3w7f_wxw38n1jc700000gr/T/rust_mozprofile.OxeM8aohyXDx"
2018-06-11 16:24:14.986 plugin-container[24038:944896] *** CFMessagePort: bootstrap_register(): failed 1100 (0x44c) 'Permission denied', port = 0x8a3f, name = 'com.apple.tsm.portname'
See /usr/include/servers/bootstrap_defs.h for the error codes.
1528755855412	Marionette	INFO	Listening on port 55196
16:24:15.512 INFO [ProtocolHandshake.createSession] - Detected dialect: W3C
16:24:15.519 INFO [RemoteSession$Factory.lambda$performHandshake$0] - Started new session 804e5ab3-069d-bd47-97f7-ddddcf7d32c2 (org.openqa.selenium.firefox.GeckoDriverService)
2018-06-11 16:24:16.439 plugin-container[24039:944985] *** CFMessagePort: bootstrap_register(): failed 1100 (0x44c) 'Permission denied', port = 0x8c3f, name = 'com.apple.tsm.portname'
See /usr/include/servers/bootstrap_defs.h for the error codes.
JavaScript error: https://www.usps.com/global-elements/lib/script/requirejs/require.js, line 8: Error: Script error for: require-jquery
http://requirejs.org/docs/errors.html#scripterror
JavaScript error: https://www.usps.com/global-elements/lib/script/requirejs/require.js, line 8: Error: Script error for: helpers
http://requirejs.org/docs/errors.html#scripterror
JavaScript error: https://www.usps.com/global-elements/lib/script/requirejs/require.js, line 8: Error: Script error for: search-fe
http://requirejs.org/docs/errors.html#scripterror

###!!! [Child][RunMessage] Error: Channel closing: too late to send/recv, messages will be lost


###!!! [Child][MessageChannel] Error: (msgtype=0x2C00AF,name=PContent::Msg_ScriptError) Channel closing: too late to send/recv, messages will be lost


###!!! [Child][MessageChannel] Error: (msgtype=0x2C00AF,name=PContent::Msg_ScriptError) Channel closing: too late to send/recv, messages will be lost


###!!! [Child][MessageChannel] Error: (msgtype=0x2C00AF,name=PContent::Msg_ScriptError) Channel closing: too late to send/recv, messages will be lost


###!!! [Child][MessageChannel] Error: (msgtype=0x2C00AF,name=PContent::Msg_ScriptError) Channel closing: too late to send/recv, messages will be lost


###!!! [Child][MessageChannel] Error: (msgtype=0x2C00AF,name=PContent::Msg_ScriptError) Channel closing: too late to send/recv, messages will be lost


###!!! [Child][MessageChannel] Error: (msgtype=0x2C00AF,name=PContent::Msg_ScriptError) Channel closing: too late to send/recv, messages will be lost


###!!! [Child][RunMessage] Error: Channel closing: too late to send/recv, messages will be lost


###!!! [Child][RunMessage] Error: Channel closing: too late to send/recv, messages will be lost


###!!! [Child][RunMessage] Error: Channel closing: too late to send/recv, messages will be lost


###!!! [Child][RunMessage] Error: Channel closing: too late to send/recv, messages will be lost


###!!! [Child][RunMessage] Error: Channel closing: too late to send/recv, messages will be lost


###!!! [Child][RunMessage] Error: Channel closing: too late to send/recv, messages will be lost


###!!! [Child][RunMessage] Error: Channel closing: too late to send/recv, messages will be lost


###!!! [Child][RunMessage] Error: Channel closing: too late to send/recv, messages will be lost


###!!! [Child][RunMessage] Error: Channel closing: too late to send/recv, messages will be lost


###!!! [Child][MessageChannel] Error: (msgtype=0x2C00AF,name=PContent::Msg_ScriptError) Channel closing: too late to send/recv, messages will be lost


###!!! [Child][RunMessage] Error: Channel closing: too late to send/recv, messages will be lost


###!!! [Child][RunMessage] Error: Channel closing: too late to send/recv, messages will be lost

*** UTM:SVC TimerManager:registerTimer called after profile-before-change notification. Ignoring timer registration for id: telemetry_modules_ping

###!!! [Parent][RunMessage] Error: Channel closing: too late to send/recv, messages will be lost

16:24:20.858 INFO [ActiveSessions$1.onStop] - Removing session 804e5ab3-069d-bd47-97f7-ddddcf7d32c2 (org.openqa.selenium.firefox.GeckoDriverService)
16:24:20.875 INFO [ActiveSessionFactory.apply] - Capabilities are: Capabilities {acceptSslCerts: true, browserName: firefox, javascriptEnabled: true, marionette: true, name: Sign In Test}
16:24:20.876 INFO [ActiveSessionFactory.lambda$apply$11] - Matched factory org.openqa.selenium.remote.server.ServicedSession$Factory (provider: org.openqa.selenium.firefox.GeckoDriverService)
1528755860887	geckodriver	INFO	geckodriver 0.20.1
1528755860898	geckodriver	INFO	Listening on 127.0.0.1:24340
1528755860917	mozrunner::runner	INFO	Running command: "/Applications/Firefox.app/Contents/MacOS/firefox-bin" "-marionette" "-profile" "/var/folders/nx/324qgd1s3w7f_wxw38n1jc700000gr/T/rust_mozprofile.lp1cmYTUg5sr"
2018-06-11 16:24:22.099 plugin-container[24043:945164] *** CFMessagePort: bootstrap_register(): failed 1100 (0x44c) 'Permission denied', port = 0x8a07, name = 'com.apple.tsm.portname'
See /usr/include/servers/bootstrap_defs.h for the error codes.
1528755862549	Marionette	INFO	Listening on port 55397
16:24:22.620 INFO [ProtocolHandshake.createSession] - Detected dialect: W3C
16:24:22.626 INFO [RemoteSession$Factory.lambda$performHandshake$0] - Started new session 1d48b599-6301-f84e-9704-3b72cdbae555 (org.openqa.selenium.firefox.GeckoDriverService)
2018-06-11 16:24:23.506 plugin-container[24044:945244] *** CFMessagePort: bootstrap_register(): failed 1100 (0x44c) 'Permission denied', port = 0x7647, name = 'com.apple.tsm.portname'
See /usr/include/servers/bootstrap_defs.h for the error codes.
JavaScript error: https://www.usps.com/global-elements/lib/script/requirejs/require.js, line 8: Error: Script error for: jquery
http://requirejs.org/docs/errors.html#scripterror
JavaScript error: https://www.usps.com/global-elements/footer/script/jquery-3.2.1.js, line 2: NS_ERROR_NOT_INITIALIZED: 
*** UTM:SVC TimerManager:registerTimer called after profile-before-change notification. Ignoring timer registration for id: telemetry_modules_ping
16:24:47.313 INFO [ActiveSessions$1.onStop] - Removing session 1d48b599-6301-f84e-9704-3b72cdbae555 (org.openqa.selenium.firefox.GeckoDriverService)
